# JRE version: OpenJDK Runtime Environment Temurin-17.0.4+8 (17.0.4+8) (build 17.0.4+8)
# Java VM: OpenJDK 64-Bit Server VM Temurin-17.0.4+8 (17.0.4+8, mixed mode, tiered, compressed oops, compressed class ptrs, parallel gc, windows-amd64)
GC Precious Log:
 CPUs: 8 total, 8 available
 Memory: 8072M
 Large Page Support: Disabled
 NUMA Support: Disabled
 Compressed Oops: Enabled (32-bit)
 Alignments: Space 512K, Generation 512K, Heap 2M
 Heap Min Capacity: 100M
 Heap Initial Capacity: 100M
 Heap Max Capacity: 1G
 Pre-touch: Disabled
 Parallel Workers: 8
Heap:
 PSYoungGen      total 20480K, used 20406K [0x00000000eab00000, 0x00000000ec000000, 0x0000000100000000)
  eden space 19456K, 100% used [0x00000000eab00000,0x00000000ebe00000,0x00000000ebe00000)
  from space 1024K, 92% used [0x00000000ebf00000,0x00000000ebfedbc8,0x00000000ec000000)
  to   space 1024K, 37% used [0x00000000ebe00000,0x00000000ebe60000,0x00000000ebf00000)
 ParOldGen       total 68608K, used 36475K [0x00000000c0000000, 0x00000000c4300000, 0x00000000eab00000)
  object space 68608K, 53% used [0x00000000c0000000,0x00000000c239ecf0,0x00000000c4300000)
 Metaspace       used 51384K, committed 52416K, reserved 1097728K
  class space    used 5545K, committed 6016K, reserved 1048576K
GC Heap History (20 events):
Event: 6.391 GC heap after
{Heap after GC invocations=17 (full 2):
 PSYoungGen      total 24064K, used 1984K [0x00000000eab00000, 0x00000000ec480000, 0x0000000100000000)
  eden space 22016K, 0% used [0x00000000eab00000,0x00000000eab00000,0x00000000ec080000)
  from space 2048K, 96% used [0x00000000ec080000,0x00000000ec270000,0x00000000ec280000)
  to   space 2048K, 0% used [0x00000000ec280000,0x00000000ec280000,0x00000000ec480000)
 ParOldGen       total 68608K, used 20645K [0x00000000c0000000, 0x00000000c4300000, 0x00000000eab00000)
  object space 68608K, 30% used [0x00000000c0000000,0x00000000c14295e8,0x00000000c4300000)
 Metaspace       used 46273K, committed 47296K, reserved 1097728K
  class space    used 5009K, committed 5504K, reserved 1048576K
}
Event: 6.502 GC heap before
{Heap before GC invocations=18 (full 2):
 PSYoungGen      total 24064K, used 24000K [0x00000000eab00000, 0x00000000ec480000, 0x0000000100000000)
  eden space 22016K, 100% used [0x00000000eab00000,0x00000000ec080000,0x00000000ec080000)
  from space 2048K, 96% used [0x00000000ec080000,0x00000000ec270000,0x00000000ec280000)
  to   space 2048K, 0% used [0x00000000ec280000,0x00000000ec280000,0x00000000ec480000)
 ParOldGen       total 68608K, used 20645K [0x00000000c0000000, 0x00000000c4300000, 0x00000000eab00000)
  object space 68608K, 30% used [0x00000000c0000000,0x00000000c14295e8,0x00000000c4300000)
 Metaspace       used 46753K, committed 47744K, reserved 1097728K
  class space    used 5056K, committed 5504K, reserved 1048576K
}
Event: 6.507 GC heap after
{Heap after GC invocations=18 (full 2):
 PSYoungGen      total 21504K, used 2027K [0x00000000eab00000, 0x00000000ec980000, 0x0000000100000000)
  eden space 19456K, 0% used [0x00000000eab00000,0x00000000eab00000,0x00000000ebe00000)
  from space 2048K, 99% used [0x00000000ec280000,0x00000000ec47ae40,0x00000000ec480000)
  to   space 4608K, 0% used [0x00000000ebe00000,0x00000000ebe00000,0x00000000ec280000)
 ParOldGen       total 68608K, used 22541K [0x00000000c0000000, 0x00000000c4300000, 0x00000000eab00000)
  object space 68608K, 32% used [0x00000000c0000000,0x00000000c16035e8,0x00000000c4300000)
 Metaspace       used 46753K, committed 47744K, reserved 1097728K
  class space    used 5056K, committed 5504K, reserved 1048576K
}
Event: 6.587 GC heap before
{Heap before GC invocations=19 (full 2):
 PSYoungGen      total 21504K, used 21483K [0x00000000eab00000, 0x00000000ec980000, 0x0000000100000000)
  eden space 19456K, 100% used [0x00000000eab00000,0x00000000ebe00000,0x00000000ebe00000)
  from space 2048K, 99% used [0x00000000ec280000,0x00000000ec47ae40,0x00000000ec480000)
  to   space 4608K, 0% used [0x00000000ebe00000,0x00000000ebe00000,0x00000000ec280000)
 ParOldGen       total 68608K, used 22541K [0x00000000c0000000, 0x00000000c4300000, 0x00000000eab00000)
  object space 68608K, 32% used [0x00000000c0000000,0x00000000c16035e8,0x00000000c4300000)
 Metaspace       used 46801K, committed 47872K, reserved 1097728K
  class space    used 5067K, committed 5568K, reserved 1048576K
}
Event: 6.592 GC heap after
{Heap after GC invocations=19 (full 2):
 PSYoungGen      total 22016K, used 2336K [0x00000000eab00000, 0x00000000ec400000, 0x0000000100000000)
  eden space 19456K, 0% used [0x00000000eab00000,0x00000000eab00000,0x00000000ebe00000)
  from space 2560K, 91% used [0x00000000ebe00000,0x00000000ec048010,0x00000000ec080000)
  to   space 3072K, 0% used [0x00000000ec100000,0x00000000ec100000,0x00000000ec400000)
 ParOldGen       total 68608K, used 24521K [0x00000000c0000000, 0x00000000c4300000, 0x00000000eab00000)
  object space 68608K, 35% used [0x00000000c0000000,0x00000000c17f2428,0x00000000c4300000)
 Metaspace       used 46801K, committed 47872K, reserved 1097728K
  class space    used 5067K, committed 5568K, reserved 1048576K
}
Event: 6.641 GC heap before
{Heap before GC invocations=20 (full 2):
 PSYoungGen      total 22016K, used 21792K [0x00000000eab00000, 0x00000000ec400000, 0x0000000100000000)
  eden space 19456K, 100% used [0x00000000eab00000,0x00000000ebe00000,0x00000000ebe00000)
  from space 2560K, 91% used [0x00000000ebe00000,0x00000000ec048010,0x00000000ec080000)
  to   space 3072K, 0% used [0x00000000ec100000,0x00000000ec100000,0x00000000ec400000)
 ParOldGen       total 68608K, used 24521K [0x00000000c0000000, 0x00000000c4300000, 0x00000000eab00000)
  object space 68608K, 35% used [0x00000000c0000000,0x00000000c17f2428,0x00000000c4300000)
 Metaspace       used 46801K, committed 47872K, reserved 1097728K
  class space    used 5067K, committed 5568K, reserved 1048576K
}
Event: 6.645 GC heap after
{Heap after GC invocations=20 (full 2):
 PSYoungGen      total 22016K, used 2304K [0x00000000eab00000, 0x00000000ec380000, 0x0000000100000000)
  eden space 19456K, 0% used [0x00000000eab00000,0x00000000eab00000,0x00000000ebe00000)
  from space 2560K, 90% used [0x00000000ec100000,0x00000000ec340010,0x00000000ec380000)
  to   space 2560K, 0% used [0x00000000ebe00000,0x00000000ebe00000,0x00000000ec080000)
 ParOldGen       total 68608K, used 26780K [0x00000000c0000000, 0x00000000c4300000, 0x00000000eab00000)
  object space 68608K, 39% used [0x00000000c0000000,0x00000000c1a27008,0x00000000c4300000)
 Metaspace       used 46801K, committed 47872K, reserved 1097728K
  class space    used 5067K, committed 5568K, reserved 1048576K
}
Event: 6.711 GC heap before
{Heap before GC invocations=21 (full 2):
 PSYoungGen      total 22016K, used 21760K [0x00000000eab00000, 0x00000000ec380000, 0x0000000100000000)
  eden space 19456K, 100% used [0x00000000eab00000,0x00000000ebe00000,0x00000000ebe00000)
  from space 2560K, 90% used [0x00000000ec100000,0x00000000ec340010,0x00000000ec380000)
  to   space 2560K, 0% used [0x00000000ebe00000,0x00000000ebe00000,0x00000000ec080000)
 ParOldGen       total 68608K, used 26780K [0x00000000c0000000, 0x00000000c4300000, 0x00000000eab00000)
  object space 68608K, 39% used [0x00000000c0000000,0x00000000c1a27008,0x00000000c4300000)
 Metaspace       used 46801K, committed 47872K, reserved 1097728K
  class space    used 5067K, committed 5568K, reserved 1048576K
}
Event: 6.714 GC heap after
{Heap after GC invocations=21 (full 2):
 PSYoungGen      total 22016K, used 2112K [0x00000000eab00000, 0x00000000ec300000, 0x0000000100000000)
  eden space 19456K, 0% used [0x00000000eab00000,0x00000000eab00000,0x00000000ebe00000)
  from space 2560K, 82% used [0x00000000ebe00000,0x00000000ec010000,0x00000000ec080000)
  to   space 2560K, 0% used [0x00000000ec080000,0x00000000ec080000,0x00000000ec300000)
 ParOldGen       total 68608K, used 29004K [0x00000000c0000000, 0x00000000c4300000, 0x00000000eab00000)
  object space 68608K, 42% used [0x00000000c0000000,0x00000000c1c53018,0x00000000c4300000)
 Metaspace       used 46801K, committed 47872K, reserved 1097728K
  class space    used 5067K, committed 5568K, reserved 1048576K
}
Event: 6.864 GC heap before
{Heap before GC invocations=22 (full 2):
 PSYoungGen      total 22016K, used 21568K [0x00000000eab00000, 0x00000000ec300000, 0x0000000100000000)
  eden space 19456K, 100% used [0x00000000eab00000,0x00000000ebe00000,0x00000000ebe00000)
  from space 2560K, 82% used [0x00000000ebe00000,0x00000000ec010000,0x00000000ec080000)
  to   space 2560K, 0% used [0x00000000ec080000,0x00000000ec080000,0x00000000ec300000)
 ParOldGen       total 68608K, used 29004K [0x00000000c0000000, 0x00000000c4300000, 0x00000000eab00000)
  object space 68608K, 42% used [0x00000000c0000000,0x00000000c1c53018,0x00000000c4300000)
 Metaspace       used 47124K, committed 48128K, reserved 1097728K
  class space    used 5092K, committed 5568K, reserved 1048576K
}
Event: 6.867 GC heap after
{Heap after GC invocations=22 (full 2):
 PSYoungGen      total 22016K, used 2454K [0x00000000eab00000, 0x00000000ec300000, 0x0000000100000000)
  eden space 19456K, 0% used [0x00000000eab00000,0x00000000eab00000,0x00000000ebe00000)
  from space 2560K, 95% used [0x00000000ec080000,0x00000000ec2e5b58,0x00000000ec300000)
  to   space 2560K, 0% used [0x00000000ebe00000,0x00000000ebe00000,0x00000000ec080000)
 ParOldGen       total 68608K, used 30986K [0x00000000c0000000, 0x00000000c4300000, 0x00000000eab00000)
  object space 68608K, 45% used [0x00000000c0000000,0x00000000c1e42898,0x00000000c4300000)
 Metaspace       used 47124K, committed 48128K, reserved 1097728K
  class space    used 5092K, committed 5568K, reserved 1048576K
}
Event: 7.116 GC heap before
{Heap before GC invocations=23 (full 2):
 PSYoungGen      total 22016K, used 21755K [0x00000000eab00000, 0x00000000ec300000, 0x0000000100000000)
  eden space 19456K, 99% used [0x00000000eab00000,0x00000000ebdd92a0,0x00000000ebe00000)
  from space 2560K, 95% used [0x00000000ec080000,0x00000000ec2e5b58,0x00000000ec300000)
  to   space 2560K, 0% used [0x00000000ebe00000,0x00000000ebe00000,0x00000000ec080000)
 ParOldGen       total 68608K, used 30986K [0x00000000c0000000, 0x00000000c4300000, 0x00000000eab00000)
  object space 68608K, 45% used [0x00000000c0000000,0x00000000c1e42898,0x00000000c4300000)
 Metaspace       used 47598K, committed 48576K, reserved 1097728K
  class space    used 5134K, committed 5568K, reserved 1048576K
}
Event: 7.119 GC heap after
{Heap after GC invocations=23 (full 2):
 PSYoungGen      total 20480K, used 832K [0x00000000eab00000, 0x00000000ec100000, 0x0000000100000000)
  eden space 19456K, 0% used [0x00000000eab00000,0x00000000eab00000,0x00000000ebe00000)
  from space 1024K, 81% used [0x00000000ebe00000,0x00000000ebed0000,0x00000000ebf00000)
  to   space 1536K, 0% used [0x00000000ebf80000,0x00000000ebf80000,0x00000000ec100000)
 ParOldGen       total 68608K, used 33230K [0x00000000c0000000, 0x00000000c4300000, 0x00000000eab00000)
  object space 68608K, 48% used [0x00000000c0000000,0x00000000c2073bf0,0x00000000c4300000)
 Metaspace       used 47598K, committed 48576K, reserved 1097728K
  class space    used 5134K, committed 5568K, reserved 1048576K
}
Event: 7.238 GC heap before
{Heap before GC invocations=24 (full 2):
 PSYoungGen      total 20480K, used 20288K [0x00000000eab00000, 0x00000000ec100000, 0x0000000100000000)
  eden space 19456K, 100% used [0x00000000eab00000,0x00000000ebe00000,0x00000000ebe00000)
  from space 1024K, 81% used [0x00000000ebe00000,0x00000000ebed0000,0x00000000ebf00000)
  to   space 1536K, 0% used [0x00000000ebf80000,0x00000000ebf80000,0x00000000ec100000)
 ParOldGen       total 68608K, used 33230K [0x00000000c0000000, 0x00000000c4300000, 0x00000000eab00000)
  object space 68608K, 48% used [0x00000000c0000000,0x00000000c2073bf0,0x00000000c4300000)
 Metaspace       used 47913K, committed 48960K, reserved 1097728K
  class space    used 5155K, committed 5632K, reserved 1048576K
}
Event: 7.241 GC heap after
{Heap after GC invocations=24 (full 2):
 PSYoungGen      total 20992K, used 1152K [0x00000000eab00000, 0x00000000ec100000, 0x0000000100000000)
  eden space 19456K, 0% used [0x00000000eab00000,0x00000000eab00000,0x00000000ebe00000)
  from space 1536K, 75% used [0x00000000ebf80000,0x00000000ec0a0000,0x00000000ec100000)
  to   space 1536K, 0% used [0x00000000ebe00000,0x00000000ebe00000,0x00000000ebf80000)
 ParOldGen       total 68608K, used 33947K [0x00000000c0000000, 0x00000000c4300000, 0x00000000eab00000)
  object space 68608K, 49% used [0x00000000c0000000,0x00000000c2126e18,0x00000000c4300000)
 Metaspace       used 47913K, committed 48960K, reserved 1097728K
  class space    used 5155K, committed 5632K, reserved 1048576K
}
Event: 7.299 GC heap before
{Heap before GC invocations=25 (full 2):
 PSYoungGen      total 20992K, used 20608K [0x00000000eab00000, 0x00000000ec100000, 0x0000000100000000)
  eden space 19456K, 100% used [0x00000000eab00000,0x00000000ebe00000,0x00000000ebe00000)
  from space 1536K, 75% used [0x00000000ebf80000,0x00000000ec0a0000,0x00000000ec100000)
  to   space 1536K, 0% used [0x00000000ebe00000,0x00000000ebe00000,0x00000000ebf80000)
 ParOldGen       total 68608K, used 33947K [0x00000000c0000000, 0x00000000c4300000, 0x00000000eab00000)
  object space 68608K, 49% used [0x00000000c0000000,0x00000000c2126e18,0x00000000c4300000)
 Metaspace       used 48012K, committed 49088K, reserved 1097728K
  class space    used 5162K, committed 5632K, reserved 1048576K
}
Event: 7.300 GC heap after
{Heap after GC invocations=25 (full 2):
 PSYoungGen      total 20480K, used 736K [0x00000000eab00000, 0x00000000ec000000, 0x0000000100000000)
  eden space 19456K, 0% used [0x00000000eab00000,0x00000000eab00000,0x00000000ebe00000)
  from space 1024K, 71% used [0x00000000ebe00000,0x00000000ebeb8000,0x00000000ebf00000)
  to   space 1024K, 0% used [0x00000000ebf00000,0x00000000ebf00000,0x00000000ec000000)
 ParOldGen       total 68608K, used 35036K [0x00000000c0000000, 0x00000000c4300000, 0x00000000eab00000)
  object space 68608K, 51% used [0x00000000c0000000,0x00000000c2237288,0x00000000c4300000)
 Metaspace       used 48012K, committed 49088K, reserved 1097728K
  class space    used 5162K, committed 5632K, reserved 1048576K
}
Event: 7.512 GC heap before
{Heap before GC invocations=26 (full 2):
 PSYoungGen      total 20480K, used 20192K [0x00000000eab00000, 0x00000000ec000000, 0x0000000100000000)
  eden space 19456K, 100% used [0x00000000eab00000,0x00000000ebe00000,0x00000000ebe00000)
  from space 1024K, 71% used [0x00000000ebe00000,0x00000000ebeb8000,0x00000000ebf00000)
  to   space 1024K, 0% used [0x00000000ebf00000,0x00000000ebf00000,0x00000000ec000000)
 ParOldGen       total 68608K, used 35036K [0x00000000c0000000, 0x00000000c4300000, 0x00000000eab00000)
  object space 68608K, 51% used [0x00000000c0000000,0x00000000c2237288,0x00000000c4300000)
 Metaspace       used 50168K, committed 51136K, reserved 1097728K
  class space    used 5384K, committed 5824K, reserved 1048576K
}
Event: 7.514 GC heap after
{Heap after GC invocations=26 (full 2):
 PSYoungGen      total 20480K, used 950K [0x00000000eab00000, 0x00000000ec000000, 0x0000000100000000)
  eden space 19456K, 0% used [0x00000000eab00000,0x00000000eab00000,0x00000000ebe00000)
  from space 1024K, 92% used [0x00000000ebf00000,0x00000000ebfedbc8,0x00000000ec000000)
  to   space 1024K, 0% used [0x00000000ebe00000,0x00000000ebe00000,0x00000000ebf00000)
 ParOldGen       total 68608K, used 35665K [0x00000000c0000000, 0x00000000c4300000, 0x00000000eab00000)
  object space 68608K, 51% used [0x00000000c0000000,0x00000000c22d45e0,0x00000000c4300000)
 Metaspace       used 50168K, committed 51136K, reserved 1097728K
  class space    used 5384K, committed 5824K, reserved 1048576K
}
Event: 7.861 GC heap before
{Heap before GC invocations=27 (full 2):
 PSYoungGen      total 20480K, used 20406K [0x00000000eab00000, 0x00000000ec000000, 0x0000000100000000)
  eden space 19456K, 100% used [0x00000000eab00000,0x00000000ebe00000,0x00000000ebe00000)
  from space 1024K, 92% used [0x00000000ebf00000,0x00000000ebfedbc8,0x00000000ec000000)
  to   space 1024K, 0% used [0x00000000ebe00000,0x00000000ebe00000,0x00000000ebf00000)
 ParOldGen       total 68608K, used 35665K [0x00000000c0000000, 0x00000000c4300000, 0x00000000eab00000)
  object space 68608K, 51% used [0x00000000c0000000,0x00000000c22d45e0,0x00000000c4300000)
 Metaspace       used 51384K, committed 52416K, reserved 1097728K
  class space    used 5545K, committed 6016K, reserved 1048576K
}

