# JRE version: OpenJDK Runtime Environment Temurin-17.0.4+8 (17.0.4+8) (build 17.0.4+8)
# Java VM: OpenJDK 64-Bit Server VM Temurin-17.0.4+8 (17.0.4+8, mixed mode, tiered, compressed oops, compressed class ptrs, parallel gc, windows-amd64)
GC Precious Log:
 CPUs: 8 total, 8 available
 Memory: 8072M
 Large Page Support: Disabled
 NUMA Support: Disabled
 Compressed Oops: Enabled (32-bit)
 Alignments: Space 512K, Generation 512K, Heap 2M
 Heap Min Capacity: 100M
 Heap Initial Capacity: 100M
 Heap Max Capacity: 1G
 Pre-touch: Disabled
 Parallel Workers: 8
Heap:
 PSYoungGen      total 13312K, used 12171K [0x00000000eab00000, 0x00000000ebc80000, 0x0000000100000000)
  eden space 8704K, 91% used [0x00000000eab00000,0x00000000eb2caeb0,0x00000000eb380000)
  from space 4608K, 90% used [0x00000000eb400000,0x00000000eb817e10,0x00000000eb880000)
  to   space 4096K, 99% used [0x00000000eb880000,0x00000000ebc7be00,0x00000000ebc80000)
 ParOldGen       total 115712K, used 85752K [0x00000000c0000000, 0x00000000c7100000, 0x00000000eab00000)
  object space 115712K, 74% used [0x00000000c0000000,0x00000000c53be0c0,0x00000000c7100000)
 Metaspace       used 84188K, committed 85504K, reserved 1130496K
  class space    used 8520K, committed 9152K, reserved 1048576K
GC Heap History (20 events):
Event: 757.274 GC heap after
{Heap after GC invocations=2283 (full 48):
 PSYoungGen      total 10240K, used 1523K [0x00000000eab00000, 0x00000000eb800000, 0x0000000100000000)
  eden space 8704K, 0% used [0x00000000eab00000,0x00000000eab00000,0x00000000eb380000)
  from space 1536K, 99% used [0x00000000eb580000,0x00000000eb6fcd10,0x00000000eb700000)
  to   space 2048K, 0% used [0x00000000eb380000,0x00000000eb380000,0x00000000eb580000)
 ParOldGen       total 115712K, used 82368K [0x00000000c0000000, 0x00000000c7100000, 0x00000000eab00000)
  object space 115712K, 71% used [0x00000000c0000000,0x00000000c5070050,0x00000000c7100000)
 Metaspace       used 84186K, committed 85504K, reserved 1130496K
  class space    used 8520K, committed 9152K, reserved 1048576K
}
Event: 757.293 GC heap before
{Heap before GC invocations=2284 (full 48):
 PSYoungGen      total 10240K, used 10227K [0x00000000eab00000, 0x00000000eb800000, 0x0000000100000000)
  eden space 8704K, 100% used [0x00000000eab00000,0x00000000eb380000,0x00000000eb380000)
  from space 1536K, 99% used [0x00000000eb580000,0x00000000eb6fcd10,0x00000000eb700000)
  to   space 2048K, 0% used [0x00000000eb380000,0x00000000eb380000,0x00000000eb580000)
 ParOldGen       total 115712K, used 82368K [0x00000000c0000000, 0x00000000c7100000, 0x00000000eab00000)
  object space 115712K, 71% used [0x00000000c0000000,0x00000000c5070050,0x00000000c7100000)
 Metaspace       used 84186K, committed 85504K, reserved 1130496K
  class space    used 8520K, committed 9152K, reserved 1048576K
}
Event: 757.294 GC heap after
{Heap after GC invocations=2284 (full 48):
 PSYoungGen      total 10752K, used 2034K [0x00000000eab00000, 0x00000000eb880000, 0x0000000100000000)
  eden space 8704K, 0% used [0x00000000eab00000,0x00000000eab00000,0x00000000eb380000)
  from space 2048K, 99% used [0x00000000eb380000,0x00000000eb57c820,0x00000000eb580000)
  to   space 2560K, 0% used [0x00000000eb600000,0x00000000eb600000,0x00000000eb880000)
 ParOldGen       total 115712K, used 82696K [0x00000000c0000000, 0x00000000c7100000, 0x00000000eab00000)
  object space 115712K, 71% used [0x00000000c0000000,0x00000000c50c2070,0x00000000c7100000)
 Metaspace       used 84186K, committed 85504K, reserved 1130496K
  class space    used 8520K, committed 9152K, reserved 1048576K
}
Event: 757.530 GC heap before
{Heap before GC invocations=2285 (full 48):
 PSYoungGen      total 10752K, used 10738K [0x00000000eab00000, 0x00000000eb880000, 0x0000000100000000)
  eden space 8704K, 100% used [0x00000000eab00000,0x00000000eb380000,0x00000000eb380000)
  from space 2048K, 99% used [0x00000000eb380000,0x00000000eb57c820,0x00000000eb580000)
  to   space 2560K, 0% used [0x00000000eb600000,0x00000000eb600000,0x00000000eb880000)
 ParOldGen       total 115712K, used 82696K [0x00000000c0000000, 0x00000000c7100000, 0x00000000eab00000)
  object space 115712K, 71% used [0x00000000c0000000,0x00000000c50c2070,0x00000000c7100000)
 Metaspace       used 84186K, committed 85504K, reserved 1130496K
  class space    used 8520K, committed 9152K, reserved 1048576K
}
Event: 757.533 GC heap after
{Heap after GC invocations=2285 (full 48):
 PSYoungGen      total 10752K, used 2546K [0x00000000eab00000, 0x00000000eb980000, 0x0000000100000000)
  eden space 8192K, 0% used [0x00000000eab00000,0x00000000eab00000,0x00000000eb300000)
  from space 2560K, 99% used [0x00000000eb600000,0x00000000eb87c820,0x00000000eb880000)
  to   space 3072K, 0% used [0x00000000eb300000,0x00000000eb300000,0x00000000eb600000)
 ParOldGen       total 115712K, used 82800K [0x00000000c0000000, 0x00000000c7100000, 0x00000000eab00000)
  object space 115712K, 71% used [0x00000000c0000000,0x00000000c50dc090,0x00000000c7100000)
 Metaspace       used 84186K, committed 85504K, reserved 1130496K
  class space    used 8520K, committed 9152K, reserved 1048576K
}
Event: 759.022 GC heap before
{Heap before GC invocations=2286 (full 48):
 PSYoungGen      total 10752K, used 10738K [0x00000000eab00000, 0x00000000eb980000, 0x0000000100000000)
  eden space 8192K, 100% used [0x00000000eab00000,0x00000000eb300000,0x00000000eb300000)
  from space 2560K, 99% used [0x00000000eb600000,0x00000000eb87c820,0x00000000eb880000)
  to   space 3072K, 0% used [0x00000000eb300000,0x00000000eb300000,0x00000000eb600000)
 ParOldGen       total 115712K, used 82800K [0x00000000c0000000, 0x00000000c7100000, 0x00000000eab00000)
  object space 115712K, 71% used [0x00000000c0000000,0x00000000c50dc090,0x00000000c7100000)
 Metaspace       used 84187K, committed 85504K, reserved 1130496K
  class space    used 8520K, committed 9152K, reserved 1048576K
}
Event: 759.025 GC heap after
{Heap after GC invocations=2286 (full 48):
 PSYoungGen      total 11264K, used 3056K [0x00000000eab00000, 0x00000000ebb00000, 0x0000000100000000)
  eden space 8192K, 0% used [0x00000000eab00000,0x00000000eab00000,0x00000000eb300000)
  from space 3072K, 99% used [0x00000000eb300000,0x00000000eb5fc310,0x00000000eb600000)
  to   space 4096K, 0% used [0x00000000eb700000,0x00000000eb700000,0x00000000ebb00000)
 ParOldGen       total 115712K, used 83600K [0x00000000c0000000, 0x00000000c7100000, 0x00000000eab00000)
  object space 115712K, 72% used [0x00000000c0000000,0x00000000c51a40c0,0x00000000c7100000)
 Metaspace       used 84187K, committed 85504K, reserved 1130496K
  class space    used 8520K, committed 9152K, reserved 1048576K
}
Event: 759.043 GC heap before
{Heap before GC invocations=2287 (full 48):
 PSYoungGen      total 11264K, used 11248K [0x00000000eab00000, 0x00000000ebb00000, 0x0000000100000000)
  eden space 8192K, 100% used [0x00000000eab00000,0x00000000eb300000,0x00000000eb300000)
  from space 3072K, 99% used [0x00000000eb300000,0x00000000eb5fc310,0x00000000eb600000)
  to   space 4096K, 0% used [0x00000000eb700000,0x00000000eb700000,0x00000000ebb00000)
 ParOldGen       total 115712K, used 83600K [0x00000000c0000000, 0x00000000c7100000, 0x00000000eab00000)
  object space 115712K, 72% used [0x00000000c0000000,0x00000000c51a40c0,0x00000000c7100000)
 Metaspace       used 84187K, committed 85504K, reserved 1130496K
  class space    used 8520K, committed 9152K, reserved 1048576K
}
Event: 759.045 GC heap after
{Heap after GC invocations=2287 (full 48):
 PSYoungGen      total 11776K, used 4021K [0x00000000eab00000, 0x00000000ebc00000, 0x0000000100000000)
  eden space 7680K, 0% used [0x00000000eab00000,0x00000000eab00000,0x00000000eb280000)
  from space 4096K, 98% used [0x00000000eb700000,0x00000000ebaed520,0x00000000ebb00000)
  to   space 4608K, 0% used [0x00000000eb280000,0x00000000eb280000,0x00000000eb700000)
 ParOldGen       total 115712K, used 83600K [0x00000000c0000000, 0x00000000c7100000, 0x00000000eab00000)
  object space 115712K, 72% used [0x00000000c0000000,0x00000000c51a40c0,0x00000000c7100000)
 Metaspace       used 84187K, committed 85504K, reserved 1130496K
  class space    used 8520K, committed 9152K, reserved 1048576K
}
Event: 759.062 GC heap before
{Heap before GC invocations=2288 (full 48):
 PSYoungGen      total 11776K, used 11701K [0x00000000eab00000, 0x00000000ebc00000, 0x0000000100000000)
  eden space 7680K, 100% used [0x00000000eab00000,0x00000000eb280000,0x00000000eb280000)
  from space 4096K, 98% used [0x00000000eb700000,0x00000000ebaed520,0x00000000ebb00000)
  to   space 4608K, 0% used [0x00000000eb280000,0x00000000eb280000,0x00000000eb700000)
 ParOldGen       total 115712K, used 83600K [0x00000000c0000000, 0x00000000c7100000, 0x00000000eab00000)
  object space 115712K, 72% used [0x00000000c0000000,0x00000000c51a40c0,0x00000000c7100000)
 Metaspace       used 84187K, committed 85504K, reserved 1130496K
  class space    used 8520K, committed 9152K, reserved 1048576K
}
Event: 759.064 GC heap after
{Heap after GC invocations=2288 (full 48):
 PSYoungGen      total 12288K, used 4137K [0x00000000eab00000, 0x00000000ebc00000, 0x0000000100000000)
  eden space 7680K, 0% used [0x00000000eab00000,0x00000000eab00000,0x00000000eb280000)
  from space 4608K, 89% used [0x00000000eb280000,0x00000000eb68a740,0x00000000eb700000)
  to   space 4608K, 0% used [0x00000000eb780000,0x00000000eb780000,0x00000000ebc00000)
 ParOldGen       total 115712K, used 83600K [0x00000000c0000000, 0x00000000c7100000, 0x00000000eab00000)
  object space 115712K, 72% used [0x00000000c0000000,0x00000000c51a40c0,0x00000000c7100000)
 Metaspace       used 84187K, committed 85504K, reserved 1130496K
  class space    used 8520K, committed 9152K, reserved 1048576K
}
Event: 759.087 GC heap before
{Heap before GC invocations=2289 (full 48):
 PSYoungGen      total 12288K, used 11817K [0x00000000eab00000, 0x00000000ebc00000, 0x0000000100000000)
  eden space 7680K, 100% used [0x00000000eab00000,0x00000000eb280000,0x00000000eb280000)
  from space 4608K, 89% used [0x00000000eb280000,0x00000000eb68a740,0x00000000eb700000)
  to   space 4608K, 0% used [0x00000000eb780000,0x00000000eb780000,0x00000000ebc00000)
 ParOldGen       total 115712K, used 83600K [0x00000000c0000000, 0x00000000c7100000, 0x00000000eab00000)
  object space 115712K, 72% used [0x00000000c0000000,0x00000000c51a40c0,0x00000000c7100000)
 Metaspace       used 84187K, committed 85504K, reserved 1130496K
  class space    used 8520K, committed 9152K, reserved 1048576K
}
Event: 759.089 GC heap after
{Heap after GC invocations=2289 (full 48):
 PSYoungGen      total 12288K, used 4553K [0x00000000eab00000, 0x00000000ebd80000, 0x0000000100000000)
  eden space 7680K, 0% used [0x00000000eab00000,0x00000000eab00000,0x00000000eb280000)
  from space 4608K, 98% used [0x00000000eb780000,0x00000000ebbf2720,0x00000000ebc00000)
  to   space 5120K, 0% used [0x00000000eb280000,0x00000000eb280000,0x00000000eb780000)
 ParOldGen       total 115712K, used 83608K [0x00000000c0000000, 0x00000000c7100000, 0x00000000eab00000)
  object space 115712K, 72% used [0x00000000c0000000,0x00000000c51a60c0,0x00000000c7100000)
 Metaspace       used 84187K, committed 85504K, reserved 1130496K
  class space    used 8520K, committed 9152K, reserved 1048576K
}
Event: 759.808 GC heap before
{Heap before GC invocations=2290 (full 48):
 PSYoungGen      total 12288K, used 12233K [0x00000000eab00000, 0x00000000ebd80000, 0x0000000100000000)
  eden space 7680K, 100% used [0x00000000eab00000,0x00000000eb280000,0x00000000eb280000)
  from space 4608K, 98% used [0x00000000eb780000,0x00000000ebbf2720,0x00000000ebc00000)
  to   space 5120K, 0% used [0x00000000eb280000,0x00000000eb280000,0x00000000eb780000)
 ParOldGen       total 115712K, used 83608K [0x00000000c0000000, 0x00000000c7100000, 0x00000000eab00000)
  object space 115712K, 72% used [0x00000000c0000000,0x00000000c51a60c0,0x00000000c7100000)
 Metaspace       used 84188K, committed 85504K, reserved 1130496K
  class space    used 8520K, committed 9152K, reserved 1048576K
}
Event: 759.812 GC heap after
{Heap after GC invocations=2290 (full 48):
 PSYoungGen      total 12800K, used 5117K [0x00000000eab00000, 0x00000000ec280000, 0x0000000100000000)
  eden space 7680K, 0% used [0x00000000eab00000,0x00000000eab00000,0x00000000eb280000)
  from space 5120K, 99% used [0x00000000eb280000,0x00000000eb77f7c0,0x00000000eb780000)
  to   space 8192K, 0% used [0x00000000eba80000,0x00000000eba80000,0x00000000ec280000)
 ParOldGen       total 115712K, used 85712K [0x00000000c0000000, 0x00000000c7100000, 0x00000000eab00000)
  object space 115712K, 74% used [0x00000000c0000000,0x00000000c53b40c0,0x00000000c7100000)
 Metaspace       used 84188K, committed 85504K, reserved 1130496K
  class space    used 8520K, committed 9152K, reserved 1048576K
}
Event: 759.878 GC heap before
{Heap before GC invocations=2291 (full 48):
 PSYoungGen      total 12800K, used 12102K [0x00000000eab00000, 0x00000000ec280000, 0x0000000100000000)
  eden space 7680K, 90% used [0x00000000eab00000,0x00000000eb1d2300,0x00000000eb280000)
  from space 5120K, 99% used [0x00000000eb280000,0x00000000eb77f7c0,0x00000000eb780000)
  to   space 8192K, 0% used [0x00000000eba80000,0x00000000eba80000,0x00000000ec280000)
 ParOldGen       total 115712K, used 85712K [0x00000000c0000000, 0x00000000c7100000, 0x00000000eab00000)
  object space 115712K, 74% used [0x00000000c0000000,0x00000000c53b40c0,0x00000000c7100000)
 Metaspace       used 84188K, committed 85504K, reserved 1130496K
  class space    used 8520K, committed 9152K, reserved 1048576K
}
Event: 759.881 GC heap after
{Heap after GC invocations=2291 (full 48):
 PSYoungGen      total 12288K, used 4233K [0x00000000eab00000, 0x00000000ebf00000, 0x0000000100000000)
  eden space 7680K, 0% used [0x00000000eab00000,0x00000000eab00000,0x00000000eb280000)
  from space 4608K, 91% used [0x00000000eba80000,0x00000000ebea2720,0x00000000ebf00000)
  to   space 5632K, 0% used [0x00000000eb400000,0x00000000eb400000,0x00000000eb980000)
 ParOldGen       total 115712K, used 85720K [0x00000000c0000000, 0x00000000c7100000, 0x00000000eab00000)
  object space 115712K, 74% used [0x00000000c0000000,0x00000000c53b60c0,0x00000000c7100000)
 Metaspace       used 84188K, committed 85504K, reserved 1130496K
  class space    used 8520K, committed 9152K, reserved 1048576K
}
Event: 759.892 GC heap before
{Heap before GC invocations=2292 (full 48):
 PSYoungGen      total 12288K, used 10464K [0x00000000eab00000, 0x00000000ebf00000, 0x0000000100000000)
  eden space 7680K, 81% used [0x00000000eab00000,0x00000000eb115a30,0x00000000eb280000)
  from space 4608K, 91% used [0x00000000eba80000,0x00000000ebea2720,0x00000000ebf00000)
  to   space 5632K, 0% used [0x00000000eb400000,0x00000000eb400000,0x00000000eb980000)
 ParOldGen       total 115712K, used 85720K [0x00000000c0000000, 0x00000000c7100000, 0x00000000eab00000)
  object space 115712K, 74% used [0x00000000c0000000,0x00000000c53b60c0,0x00000000c7100000)
 Metaspace       used 84188K, committed 85504K, reserved 1130496K
  class space    used 8520K, committed 9152K, reserved 1048576K
}
Event: 759.895 GC heap after
{Heap after GC invocations=2292 (full 48):
 PSYoungGen      total 13312K, used 4191K [0x00000000eab00000, 0x00000000ebc80000, 0x0000000100000000)
  eden space 8704K, 0% used [0x00000000eab00000,0x00000000eab00000,0x00000000eb380000)
  from space 4608K, 90% used [0x00000000eb400000,0x00000000eb817e10,0x00000000eb880000)
  to   space 4096K, 0% used [0x00000000eb880000,0x00000000eb880000,0x00000000ebc80000)
 ParOldGen       total 115712K, used 85720K [0x00000000c0000000, 0x00000000c7100000, 0x00000000eab00000)
  object space 115712K, 74% used [0x00000000c0000000,0x00000000c53b60c0,0x00000000c7100000)
 Metaspace       used 84188K, committed 85504K, reserved 1130496K
  class space    used 8520K, committed 9152K, reserved 1048576K
}
Event: 759.910 GC heap before
{Heap before GC invocations=2293 (full 48):
 PSYoungGen      total 13312K, used 12171K [0x00000000eab00000, 0x00000000ebc80000, 0x0000000100000000)
  eden space 8704K, 91% used [0x00000000eab00000,0x00000000eb2caeb0,0x00000000eb380000)
  from space 4608K, 90% used [0x00000000eb400000,0x00000000eb817e10,0x00000000eb880000)
  to   space 4096K, 0% used [0x00000000eb880000,0x00000000eb880000,0x00000000ebc80000)
 ParOldGen       total 115712K, used 85720K [0x00000000c0000000, 0x00000000c7100000, 0x00000000eab00000)
  object space 115712K, 74% used [0x00000000c0000000,0x00000000c53b60c0,0x00000000c7100000)
 Metaspace       used 84188K, committed 85504K, reserved 1130496K
  class space    used 8520K, committed 9152K, reserved 1048576K
}

